<?xml version="1.0" encoding="UTF-8"?>
<!-- Generated by org.testng.reporters.JUnitReportReporter -->
<testsuite hostname="LAPTOP-F2JMAV3E" failures="0" tests="1" name="Appium_Activities.Activity1_2" time="12.187" errors="0" timestamp="2020-12-12T20:59:36 IST" skipped="0">
  <testcase classname="Appium_Activities.Activity1_2" name="calc" time="12.187"/>
</testsuite> <!-- Appium_Activities.Activity1_2 -->
