<?xml version="1.0" encoding="UTF-8"?>
<!-- Generated by org.testng.reporters.JUnitReportReporter -->
<testsuite skipped="0" hostname="DESKTOP-FMP2TO6" name="ProjectActivities.Activity2" tests="1" failures="0" timestamp="2021-07-26T12:49:15 IST" time="6.810" errors="0">
  <testcase name="getHeader" time="6.810" classname="ProjectActivities.Activity2"/>
  <system-out/>
</testsuite> <!-- ProjectActivities.Activity2 -->
