<?xml version="1.0" encoding="UTF-8"?>
<!-- Generated by org.testng.reporters.JUnitReportReporter -->
<testsuite skipped="0" hostname="DESKTOP-FMP2TO6" name="ProjectActivities.Activity3" tests="1" failures="0" timestamp="2021-07-27T11:31:25 IST" time="10.199" errors="0">
  <testcase name="login" time="10.199" classname="ProjectActivities.Activity3"/>
  <system-out/>
</testsuite> <!-- ProjectActivities.Activity3 -->
